This file contains any messages produced by compilers while
running configure, to aid debugging if configure makes a mistake.

It was created by libevhttp configure 0.0.4, which was
generated by GNU Autoconf 2.59.  Invocation command line was

  $ ./configure 

## --------- ##
## Platform. ##
## --------- ##

hostname = Control
uname -m = x86_64
uname -r = 3.13.0-58-generic
uname -s = Linux
uname -v = #97-Ubuntu SMP Wed Jul 8 02:56:15 UTC 2015

/usr/bin/uname -p = unknown
/bin/uname -X     = unknown

/bin/arch              = unknown
/usr/bin/arch -k       = unknown
/usr/convex/getsysinfo = unknown
hostinfo               = unknown
/bin/machine           = unknown
/usr/bin/oslevel       = unknown
/bin/universe          = unknown

PATH: .
PATH: /usr/local/sbin
PATH: /usr/local/bin
PATH: /usr/sbin
PATH: /usr/bin
PATH: /sbin
PATH: /bin


## ----------- ##
## Core tests. ##
## ----------- ##

configure:1365: checking for a BSD-compatible install
configure:1420: result: /usr/local/bin/install -c
configure:1431: checking whether build environment is sane
configure:1474: result: yes
configure:1539: checking for gawk
configure:1555: found /usr/local/bin/gawk
configure:1565: result: gawk
configure:1575: checking whether make sets $(MAKE)
configure:1595: result: yes
configure:1817: checking for g++
configure:1833: found /usr/local/bin/g++
configure:1843: result: g++
configure:1859: checking for C++ compiler version
configure:1862: g++ --version </dev/null >&5
g++ (Ubuntu 4.8.4-2ubuntu1~14.04) 4.8.4
Copyright (C) 2013 Free Software Foundation, Inc.
This is free software; see the source for copying conditions.  There is NO
warranty; not even for MERCHANTABILITY or FITNESS FOR A PARTICULAR PURPOSE.

configure:1865: $? = 0
configure:1867: g++ -v </dev/null >&5
Using built-in specs.
COLLECT_GCC=g++
COLLECT_LTO_WRAPPER=/usr/lib/gcc/x86_64-linux-gnu/4.8/lto-wrapper
Target: x86_64-linux-gnu
Configured with: ../src/configure -v --with-pkgversion='Ubuntu 4.8.4-2ubuntu1~14.04' --with-bugurl=file:///usr/share/doc/gcc-4.8/README.Bugs --enable-languages=c,c++,java,go,d,fortran,objc,obj-c++ --prefix=/usr --program-suffix=-4.8 --enable-shared --enable-linker-build-id --libexecdir=/usr/lib --without-included-gettext --enable-threads=posix --with-gxx-include-dir=/usr/include/c++/4.8 --libdir=/usr/lib --enable-nls --with-sysroot=/ --enable-clocale=gnu --enable-libstdcxx-debug --enable-libstdcxx-time=yes --enable-gnu-unique-object --disable-libmudflap --enable-plugin --with-system-zlib --disable-browser-plugin --enable-java-awt=gtk --enable-gtk-cairo --with-java-home=/usr/lib/jvm/java-1.5.0-gcj-4.8-amd64/jre --enable-java-home --with-jvm-root-dir=/usr/lib/jvm/java-1.5.0-gcj-4.8-amd64 --with-jvm-jar-dir=/usr/lib/jvm-exports/java-1.5.0-gcj-4.8-amd64 --with-arch-directory=amd64 --with-ecj-jar=/usr/share/java/eclipse-ecj.jar --enable-objc-gc --enable-multiarch --disable-werror --with-arch-32=i686 --with-abi=m64 --with-multilib-list=m32,m64,mx32 --with-tune=generic --enable-checking=release --build=x86_64-linux-gnu --host=x86_64-linux-gnu --target=x86_64-linux-gnu
Thread model: posix
gcc version 4.8.4 (Ubuntu 4.8.4-2ubuntu1~14.04) 
configure:1870: $? = 0
configure:1872: g++ -V </dev/null >&5
g++: error: unrecognized command line option '-V'
g++: fatal error: no input files
compilation terminated.
configure:1875: $? = 4
configure:1898: checking for C++ compiler default output file name
configure:1901: g++    conftest.cc  >&5
configure:1904: $? = 0
configure:1950: result: a.out
configure:1955: checking whether the C++ compiler works
configure:1961: ./a.out
configure:1964: $? = 0
configure:1981: result: yes
configure:1988: checking whether we are cross compiling
configure:1990: result: no
configure:1993: checking for suffix of executables
configure:1995: g++ -o conftest    conftest.cc  >&5
configure:1998: $? = 0
configure:2023: result: 
configure:2029: checking for suffix of object files
configure:2050: g++ -c   conftest.cc >&5
configure:2053: $? = 0
configure:2075: result: o
configure:2079: checking whether we are using the GNU C++ compiler
configure:2103: g++ -c   conftest.cc >&5
configure:2109: $? = 0
configure:2113: test -z 
			 || test ! -s conftest.err
configure:2116: $? = 0
configure:2119: test -s conftest.o
configure:2122: $? = 0
configure:2135: result: yes
configure:2141: checking whether g++ accepts -g
configure:2162: g++ -c -g  conftest.cc >&5
configure:2168: $? = 0
configure:2172: test -z 
			 || test ! -s conftest.err
configure:2175: $? = 0
configure:2178: test -s conftest.o
configure:2181: $? = 0
configure:2192: result: yes
configure:2234: g++ -c -g -O2  conftest.cc >&5
configure:2240: $? = 0
configure:2244: test -z 
			 || test ! -s conftest.err
configure:2247: $? = 0
configure:2250: test -s conftest.o
configure:2253: $? = 0
configure:2279: g++ -c -g -O2  conftest.cc >&5
conftest.cc: In function 'int main()':
conftest.cc:15:9: error: 'exit' was not declared in this scope
 exit (42);
         ^
configure:2285: $? = 1
configure: failed program was:
| /* confdefs.h.  */
| 
| #define PACKAGE_NAME "libevhttp"
| #define PACKAGE_TARNAME "libevhttp"
| #define PACKAGE_VERSION "0.0.4"
| #define PACKAGE_STRING "libevhttp 0.0.4"
| #define PACKAGE_BUGREPORT "trywen@qq.com"
| #define PACKAGE "libevhttp"
| #define VERSION "0.0.4"
| /* end confdefs.h.  */
| 
| int
| main ()
| {
| exit (42);
|   ;
|   return 0;
| }
configure:2234: g++ -c -g -O2  conftest.cc >&5
conftest.cc:11:40: error: 'void std::exit(int)' should have been declared inside 'std'
 extern "C" void std::exit (int) throw (); using std::exit;
                                        ^
configure:2240: $? = 1
configure: failed program was:
| /* confdefs.h.  */
| 
| #define PACKAGE_NAME "libevhttp"
| #define PACKAGE_TARNAME "libevhttp"
| #define PACKAGE_VERSION "0.0.4"
| #define PACKAGE_STRING "libevhttp 0.0.4"
| #define PACKAGE_BUGREPORT "trywen@qq.com"
| #define PACKAGE "libevhttp"
| #define VERSION "0.0.4"
| /* end confdefs.h.  */
| extern "C" void std::exit (int) throw (); using std::exit;
| #include <stdlib.h>
| int
| main ()
| {
| exit (42);
|   ;
|   return 0;
| }
configure:2234: g++ -c -g -O2  conftest.cc >&5
conftest.cc:11:31: error: 'void std::exit(int)' should have been declared inside 'std'
 extern "C" void std::exit (int); using std::exit;
                               ^
In file included from conftest.cc:12:0:
/usr/include/stdlib.h:543:70: error: declaration of 'void std::exit(int) throw ()' has a different exception specifier
 extern void exit (int __status) __THROW __attribute__ ((__noreturn__));
                                                                      ^
conftest.cc:11:17: error: from previous declaration 'void std::exit(int)'
 extern "C" void std::exit (int); using std::exit;
                 ^
configure:2240: $? = 1
configure: failed program was:
| /* confdefs.h.  */
| 
| #define PACKAGE_NAME "libevhttp"
| #define PACKAGE_TARNAME "libevhttp"
| #define PACKAGE_VERSION "0.0.4"
| #define PACKAGE_STRING "libevhttp 0.0.4"
| #define PACKAGE_BUGREPORT "trywen@qq.com"
| #define PACKAGE "libevhttp"
| #define VERSION "0.0.4"
| /* end confdefs.h.  */
| extern "C" void std::exit (int); using std::exit;
| #include <stdlib.h>
| int
| main ()
| {
| exit (42);
|   ;
|   return 0;
| }
configure:2234: g++ -c -g -O2  conftest.cc >&5
configure:2240: $? = 0
configure:2244: test -z 
			 || test ! -s conftest.err
configure:2247: $? = 0
configure:2250: test -s conftest.o
configure:2253: $? = 0
configure:2279: g++ -c -g -O2  conftest.cc >&5
configure:2285: $? = 0
configure:2289: test -z 
			 || test ! -s conftest.err
configure:2292: $? = 0
configure:2295: test -s conftest.o
configure:2298: $? = 0
configure:2332: checking for style of include used by make
configure:2360: result: GNU
configure:2388: checking dependency style of g++
configure:2478: result: gcc3
configure:2541: checking for gcc
configure:2557: found /usr/local/bin/gcc
configure:2567: result: gcc
configure:2811: checking for C compiler version
configure:2814: gcc --version </dev/null >&5
gcc (Ubuntu 4.8.4-2ubuntu1~14.04) 4.8.4
Copyright (C) 2013 Free Software Foundation, Inc.
This is free software; see the source for copying conditions.  There is NO
warranty; not even for MERCHANTABILITY or FITNESS FOR A PARTICULAR PURPOSE.

configure:2817: $? = 0
configure:2819: gcc -v </dev/null >&5
Using built-in specs.
COLLECT_GCC=gcc
COLLECT_LTO_WRAPPER=/usr/lib/gcc/x86_64-linux-gnu/4.8/lto-wrapper
Target: x86_64-linux-gnu
Configured with: ../src/configure -v --with-pkgversion='Ubuntu 4.8.4-2ubuntu1~14.04' --with-bugurl=file:///usr/share/doc/gcc-4.8/README.Bugs --enable-languages=c,c++,java,go,d,fortran,objc,obj-c++ --prefix=/usr --program-suffix=-4.8 --enable-shared --enable-linker-build-id --libexecdir=/usr/lib --without-included-gettext --enable-threads=posix --with-gxx-include-dir=/usr/include/c++/4.8 --libdir=/usr/lib --enable-nls --with-sysroot=/ --enable-clocale=gnu --enable-libstdcxx-debug --enable-libstdcxx-time=yes --enable-gnu-unique-object --disable-libmudflap --enable-plugin --with-system-zlib --disable-browser-plugin --enable-java-awt=gtk --enable-gtk-cairo --with-java-home=/usr/lib/jvm/java-1.5.0-gcj-4.8-amd64/jre --enable-java-home --with-jvm-root-dir=/usr/lib/jvm/java-1.5.0-gcj-4.8-amd64 --with-jvm-jar-dir=/usr/lib/jvm-exports/java-1.5.0-gcj-4.8-amd64 --with-arch-directory=amd64 --with-ecj-jar=/usr/share/java/eclipse-ecj.jar --enable-objc-gc --enable-multiarch --disable-werror --with-arch-32=i686 --with-abi=m64 --with-multilib-list=m32,m64,mx32 --with-tune=generic --enable-checking=release --build=x86_64-linux-gnu --host=x86_64-linux-gnu --target=x86_64-linux-gnu
Thread model: posix
gcc version 4.8.4 (Ubuntu 4.8.4-2ubuntu1~14.04) 
configure:2822: $? = 0
configure:2824: gcc -V </dev/null >&5
gcc: error: unrecognized command line option '-V'
gcc: fatal error: no input files
compilation terminated.
configure:2827: $? = 4
configure:2830: checking whether we are using the GNU C compiler
configure:2854: gcc -c   conftest.c >&5
configure:2860: $? = 0
configure:2864: test -z 
			 || test ! -s conftest.err
configure:2867: $? = 0
configure:2870: test -s conftest.o
configure:2873: $? = 0
configure:2886: result: yes
configure:2892: checking whether gcc accepts -g
configure:2913: gcc -c -g  conftest.c >&5
configure:2919: $? = 0
configure:2923: test -z 
			 || test ! -s conftest.err
configure:2926: $? = 0
configure:2929: test -s conftest.o
configure:2932: $? = 0
configure:2943: result: yes
configure:2960: checking for gcc option to accept ANSI C
configure:3030: gcc  -c -g -O2  conftest.c >&5
configure:3036: $? = 0
configure:3040: test -z 
			 || test ! -s conftest.err
configure:3043: $? = 0
configure:3046: test -s conftest.o
configure:3049: $? = 0
configure:3067: result: none needed
configure:3085: gcc -c -g -O2  conftest.c >&5
conftest.c:2:3: error: unknown type name 'choke'
   choke me
   ^
conftest.c:2:3: error: expected '=', ',', ';', 'asm' or '__attribute__' at end of input
configure:3091: $? = 1
configure: failed program was:
| #ifndef __cplusplus
|   choke me
| #endif
configure:3226: checking dependency style of gcc
configure:3316: result: gcc3
configure:3338: checking for main in -lev
configure:3362: gcc -o conftest -g -O2   conftest.c -lev   >&5
configure:3368: $? = 0
configure:3372: test -z 
			 || test ! -s conftest.err
configure:3375: $? = 0
configure:3378: test -s conftest
configure:3381: $? = 0
configure:3394: result: yes
configure:3414: checking how to run the C preprocessor
configure:3449: gcc -E  conftest.c
configure:3455: $? = 0
configure:3487: gcc -E  conftest.c
conftest.c:15:28: fatal error: ac_nonexistent.h: No such file or directory
 #include <ac_nonexistent.h>
                            ^
compilation terminated.
configure:3493: $? = 1
configure: failed program was:
| /* confdefs.h.  */
| 
| #define PACKAGE_NAME "libevhttp"
| #define PACKAGE_TARNAME "libevhttp"
| #define PACKAGE_VERSION "0.0.4"
| #define PACKAGE_STRING "libevhttp 0.0.4"
| #define PACKAGE_BUGREPORT "trywen@qq.com"
| #define PACKAGE "libevhttp"
| #define VERSION "0.0.4"
| #ifdef __cplusplus
| extern "C" void exit (int) throw ();
| #endif
| #define HAVE_LIBEV 1
| /* end confdefs.h.  */
| #include <ac_nonexistent.h>
configure:3532: result: gcc -E
configure:3556: gcc -E  conftest.c
configure:3562: $? = 0
configure:3594: gcc -E  conftest.c
conftest.c:15:28: fatal error: ac_nonexistent.h: No such file or directory
 #include <ac_nonexistent.h>
                            ^
compilation terminated.
configure:3600: $? = 1
configure: failed program was:
| /* confdefs.h.  */
| 
| #define PACKAGE_NAME "libevhttp"
| #define PACKAGE_TARNAME "libevhttp"
| #define PACKAGE_VERSION "0.0.4"
| #define PACKAGE_STRING "libevhttp 0.0.4"
| #define PACKAGE_BUGREPORT "trywen@qq.com"
| #define PACKAGE "libevhttp"
| #define VERSION "0.0.4"
| #ifdef __cplusplus
| extern "C" void exit (int) throw ();
| #endif
| #define HAVE_LIBEV 1
| /* end confdefs.h.  */
| #include <ac_nonexistent.h>
configure:3644: checking for egrep
configure:3654: result: grep -E
configure:3659: checking for ANSI C header files
configure:3684: gcc -c -g -O2  conftest.c >&5
configure:3690: $? = 0
configure:3694: test -z 
			 || test ! -s conftest.err
configure:3697: $? = 0
configure:3700: test -s conftest.o
configure:3703: $? = 0
configure:3792: gcc -o conftest -g -O2   conftest.c -lev  >&5
conftest.c: In function 'main':
conftest.c:32:7: warning: incompatible implicit declaration of built-in function 'exit' [enabled by default]
       exit(2);
       ^
configure:3795: $? = 0
configure:3797: ./conftest
configure:3800: $? = 0
configure:3815: result: yes
configure:3839: checking for sys/types.h
configure:3855: gcc -c -g -O2  conftest.c >&5
configure:3861: $? = 0
configure:3865: test -z 
			 || test ! -s conftest.err
configure:3868: $? = 0
configure:3871: test -s conftest.o
configure:3874: $? = 0
configure:3885: result: yes
configure:3839: checking for sys/stat.h
configure:3855: gcc -c -g -O2  conftest.c >&5
configure:3861: $? = 0
configure:3865: test -z 
			 || test ! -s conftest.err
configure:3868: $? = 0
configure:3871: test -s conftest.o
configure:3874: $? = 0
configure:3885: result: yes
configure:3839: checking for stdlib.h
configure:3855: gcc -c -g -O2  conftest.c >&5
configure:3861: $? = 0
configure:3865: test -z 
			 || test ! -s conftest.err
configure:3868: $? = 0
configure:3871: test -s conftest.o
configure:3874: $? = 0
configure:3885: result: yes
configure:3839: checking for string.h
configure:3855: gcc -c -g -O2  conftest.c >&5
configure:3861: $? = 0
configure:3865: test -z 
			 || test ! -s conftest.err
configure:3868: $? = 0
configure:3871: test -s conftest.o
configure:3874: $? = 0
configure:3885: result: yes
configure:3839: checking for memory.h
configure:3855: gcc -c -g -O2  conftest.c >&5
configure:3861: $? = 0
configure:3865: test -z 
			 || test ! -s conftest.err
configure:3868: $? = 0
configure:3871: test -s conftest.o
configure:3874: $? = 0
configure:3885: result: yes
configure:3839: checking for strings.h
configure:3855: gcc -c -g -O2  conftest.c >&5
configure:3861: $? = 0
configure:3865: test -z 
			 || test ! -s conftest.err
configure:3868: $? = 0
configure:3871: test -s conftest.o
configure:3874: $? = 0
configure:3885: result: yes
configure:3839: checking for inttypes.h
configure:3855: gcc -c -g -O2  conftest.c >&5
configure:3861: $? = 0
configure:3865: test -z 
			 || test ! -s conftest.err
configure:3868: $? = 0
configure:3871: test -s conftest.o
configure:3874: $? = 0
configure:3885: result: yes
configure:3839: checking for stdint.h
configure:3855: gcc -c -g -O2  conftest.c >&5
configure:3861: $? = 0
configure:3865: test -z 
			 || test ! -s conftest.err
configure:3868: $? = 0
configure:3871: test -s conftest.o
configure:3874: $? = 0
configure:3885: result: yes
configure:3839: checking for unistd.h
configure:3855: gcc -c -g -O2  conftest.c >&5
configure:3861: $? = 0
configure:3865: test -z 
			 || test ! -s conftest.err
configure:3868: $? = 0
configure:3871: test -s conftest.o
configure:3874: $? = 0
configure:3885: result: yes
configure:3920: checking arpa/inet.h usability
configure:3932: gcc -c -g -O2  conftest.c >&5
configure:3938: $? = 0
configure:3942: test -z 
			 || test ! -s conftest.err
configure:3945: $? = 0
configure:3948: test -s conftest.o
configure:3951: $? = 0
configure:3961: result: yes
configure:3965: checking arpa/inet.h presence
configure:3975: gcc -E  conftest.c
configure:3981: $? = 0
configure:4001: result: yes
configure:4036: checking for arpa/inet.h
configure:4043: result: yes
configure:3920: checking fcntl.h usability
configure:3932: gcc -c -g -O2  conftest.c >&5
configure:3938: $? = 0
configure:3942: test -z 
			 || test ! -s conftest.err
configure:3945: $? = 0
configure:3948: test -s conftest.o
configure:3951: $? = 0
configure:3961: result: yes
configure:3965: checking fcntl.h presence
configure:3975: gcc -E  conftest.c
configure:3981: $? = 0
configure:4001: result: yes
configure:4036: checking for fcntl.h
configure:4043: result: yes
configure:3920: checking netinet/in.h usability
configure:3932: gcc -c -g -O2  conftest.c >&5
configure:3938: $? = 0
configure:3942: test -z 
			 || test ! -s conftest.err
configure:3945: $? = 0
configure:3948: test -s conftest.o
configure:3951: $? = 0
configure:3961: result: yes
configure:3965: checking netinet/in.h presence
configure:3975: gcc -E  conftest.c
configure:3981: $? = 0
configure:4001: result: yes
configure:4036: checking for netinet/in.h
configure:4043: result: yes
configure:3911: checking for stdlib.h
configure:3916: result: yes
configure:3911: checking for string.h
configure:3916: result: yes
configure:3920: checking sys/file.h usability
configure:3932: gcc -c -g -O2  conftest.c >&5
configure:3938: $? = 0
configure:3942: test -z 
			 || test ! -s conftest.err
configure:3945: $? = 0
configure:3948: test -s conftest.o
configure:3951: $? = 0
configure:3961: result: yes
configure:3965: checking sys/file.h presence
configure:3975: gcc -E  conftest.c
configure:3981: $? = 0
configure:4001: result: yes
configure:4036: checking for sys/file.h
configure:4043: result: yes
configure:3920: checking sys/socket.h usability
configure:3932: gcc -c -g -O2  conftest.c >&5
configure:3938: $? = 0
configure:3942: test -z 
			 || test ! -s conftest.err
configure:3945: $? = 0
configure:3948: test -s conftest.o
configure:3951: $? = 0
configure:3961: result: yes
configure:3965: checking sys/socket.h presence
configure:3975: gcc -E  conftest.c
configure:3981: $? = 0
configure:4001: result: yes
configure:4036: checking for sys/socket.h
configure:4043: result: yes
configure:3920: checking sys/time.h usability
configure:3932: gcc -c -g -O2  conftest.c >&5
configure:3938: $? = 0
configure:3942: test -z 
			 || test ! -s conftest.err
configure:3945: $? = 0
configure:3948: test -s conftest.o
configure:3951: $? = 0
configure:3961: result: yes
configure:3965: checking sys/time.h presence
configure:3975: gcc -E  conftest.c
configure:3981: $? = 0
configure:4001: result: yes
configure:4036: checking for sys/time.h
configure:4043: result: yes
configure:3920: checking sys/timeb.h usability
configure:3932: gcc -c -g -O2  conftest.c >&5
configure:3938: $? = 0
configure:3942: test -z 
			 || test ! -s conftest.err
configure:3945: $? = 0
configure:3948: test -s conftest.o
configure:3951: $? = 0
configure:3961: result: yes
configure:3965: checking sys/timeb.h presence
configure:3975: gcc -E  conftest.c
configure:3981: $? = 0
configure:4001: result: yes
configure:4036: checking for sys/timeb.h
configure:4043: result: yes
configure:3911: checking for unistd.h
configure:3916: result: yes
configure:4058: checking for stdbool.h that conforms to C99
configure:4111: gcc -c -g -O2  conftest.c >&5
conftest.c:61:2: warning: variably modified 'd' at file scope [enabled by default]
  char d[(bool) -0.5 == true ? 1 : -1];
  ^
conftest.c:63:2: warning: variably modified 'f' at file scope [enabled by default]
  char f[(_Bool) -0.0 == false ? 1 : -1];
  ^
configure:4117: $? = 0
configure:4121: test -z 
			 || test ! -s conftest.err
configure:4124: $? = 0
configure:4127: test -s conftest.o
configure:4130: $? = 0
configure:4141: result: yes
configure:4143: checking for _Bool
configure:4167: gcc -c -g -O2  conftest.c >&5
configure:4173: $? = 0
configure:4177: test -z 
			 || test ! -s conftest.err
configure:4180: $? = 0
configure:4183: test -s conftest.o
configure:4186: $? = 0
configure:4197: result: yes
configure:4216: checking for inline
configure:4237: gcc -c -g -O2  conftest.c >&5
configure:4243: $? = 0
configure:4247: test -z 
			 || test ! -s conftest.err
configure:4250: $? = 0
configure:4253: test -s conftest.o
configure:4256: $? = 0
configure:4268: result: inline
configure:4287: checking for off_t
configure:4311: gcc -c -g -O2  conftest.c >&5
configure:4317: $? = 0
configure:4321: test -z 
			 || test ! -s conftest.err
configure:4324: $? = 0
configure:4327: test -s conftest.o
configure:4330: $? = 0
configure:4341: result: yes
configure:4353: checking for pid_t
configure:4377: gcc -c -g -O2  conftest.c >&5
configure:4383: $? = 0
configure:4387: test -z 
			 || test ! -s conftest.err
configure:4390: $? = 0
configure:4393: test -s conftest.o
configure:4396: $? = 0
configure:4407: result: yes
configure:4419: checking for size_t
configure:4443: gcc -c -g -O2  conftest.c >&5
configure:4449: $? = 0
configure:4453: test -z 
			 || test ! -s conftest.err
configure:4456: $? = 0
configure:4459: test -s conftest.o
configure:4462: $? = 0
configure:4473: result: yes
configure:4488: checking for error_at_line
configure:4509: gcc -o conftest -g -O2   conftest.c -lev  >&5
configure:4515: $? = 0
configure:4519: test -z 
			 || test ! -s conftest.err
configure:4522: $? = 0
configure:4525: test -s conftest
configure:4528: $? = 0
configure:4540: result: yes
configure:4559: checking for unistd.h
configure:4564: result: yes
configure:4568: checking vfork.h usability
configure:4580: gcc -c -g -O2  conftest.c >&5
conftest.c:72:19: fatal error: vfork.h: No such file or directory
 #include <vfork.h>
                   ^
compilation terminated.
configure:4586: $? = 1
configure: failed program was:
| /* confdefs.h.  */
| 
| #define PACKAGE_NAME "libevhttp"
| #define PACKAGE_TARNAME "libevhttp"
| #define PACKAGE_VERSION "0.0.4"
| #define PACKAGE_STRING "libevhttp 0.0.4"
| #define PACKAGE_BUGREPORT "trywen@qq.com"
| #define PACKAGE "libevhttp"
| #define VERSION "0.0.4"
| #ifdef __cplusplus
| extern "C" void exit (int) throw ();
| #endif
| #define HAVE_LIBEV 1
| #define STDC_HEADERS 1
| #define HAVE_SYS_TYPES_H 1
| #define HAVE_SYS_STAT_H 1
| #define HAVE_STDLIB_H 1
| #define HAVE_STRING_H 1
| #define HAVE_MEMORY_H 1
| #define HAVE_STRINGS_H 1
| #define HAVE_INTTYPES_H 1
| #define HAVE_STDINT_H 1
| #define HAVE_UNISTD_H 1
| #define HAVE_ARPA_INET_H 1
| #define HAVE_FCNTL_H 1
| #define HAVE_NETINET_IN_H 1
| #define HAVE_STDLIB_H 1
| #define HAVE_STRING_H 1
| #define HAVE_SYS_FILE_H 1
| #define HAVE_SYS_SOCKET_H 1
| #define HAVE_SYS_TIME_H 1
| #define HAVE_SYS_TIMEB_H 1
| #define HAVE_UNISTD_H 1
| #define HAVE__BOOL 1
| #define HAVE_STDBOOL_H 1
| #define HAVE_UNISTD_H 1
| /* end confdefs.h.  */
| #include <stdio.h>
| #if HAVE_SYS_TYPES_H
| # include <sys/types.h>
| #endif
| #if HAVE_SYS_STAT_H
| # include <sys/stat.h>
| #endif
| #if STDC_HEADERS
| # include <stdlib.h>
| # include <stddef.h>
| #else
| # if HAVE_STDLIB_H
| #  include <stdlib.h>
| # endif
| #endif
| #if HAVE_STRING_H
| # if !STDC_HEADERS && HAVE_MEMORY_H
| #  include <memory.h>
| # endif
| # include <string.h>
| #endif
| #if HAVE_STRINGS_H
| # include <strings.h>
| #endif
| #if HAVE_INTTYPES_H
| # include <inttypes.h>
| #else
| # if HAVE_STDINT_H
| #  include <stdint.h>
| # endif
| #endif
| #if HAVE_UNISTD_H
| # include <unistd.h>
| #endif
| #include <vfork.h>
configure:4609: result: no
configure:4613: checking vfork.h presence
configure:4623: gcc -E  conftest.c
conftest.c:38:19: fatal error: vfork.h: No such file or directory
 #include <vfork.h>
                   ^
compilation terminated.
configure:4629: $? = 1
configure: failed program was:
| /* confdefs.h.  */
| 
| #define PACKAGE_NAME "libevhttp"
| #define PACKAGE_TARNAME "libevhttp"
| #define PACKAGE_VERSION "0.0.4"
| #define PACKAGE_STRING "libevhttp 0.0.4"
| #define PACKAGE_BUGREPORT "trywen@qq.com"
| #define PACKAGE "libevhttp"
| #define VERSION "0.0.4"
| #ifdef __cplusplus
| extern "C" void exit (int) throw ();
| #endif
| #define HAVE_LIBEV 1
| #define STDC_HEADERS 1
| #define HAVE_SYS_TYPES_H 1
| #define HAVE_SYS_STAT_H 1
| #define HAVE_STDLIB_H 1
| #define HAVE_STRING_H 1
| #define HAVE_MEMORY_H 1
| #define HAVE_STRINGS_H 1
| #define HAVE_INTTYPES_H 1
| #define HAVE_STDINT_H 1
| #define HAVE_UNISTD_H 1
| #define HAVE_ARPA_INET_H 1
| #define HAVE_FCNTL_H 1
| #define HAVE_NETINET_IN_H 1
| #define HAVE_STDLIB_H 1
| #define HAVE_STRING_H 1
| #define HAVE_SYS_FILE_H 1
| #define HAVE_SYS_SOCKET_H 1
| #define HAVE_SYS_TIME_H 1
| #define HAVE_SYS_TIMEB_H 1
| #define HAVE_UNISTD_H 1
| #define HAVE__BOOL 1
| #define HAVE_STDBOOL_H 1
| #define HAVE_UNISTD_H 1
| /* end confdefs.h.  */
| #include <vfork.h>
configure:4649: result: no
configure:4684: checking for vfork.h
configure:4691: result: no
configure:4709: checking for fork
configure:4766: gcc -o conftest -g -O2   conftest.c -lev  >&5
conftest.c:62:6: warning: conflicting types for built-in function 'fork' [enabled by default]
 char fork ();
      ^
configure:4772: $? = 0
configure:4776: test -z 
			 || test ! -s conftest.err
configure:4779: $? = 0
configure:4782: test -s conftest
configure:4785: $? = 0
configure:4797: result: yes
configure:4709: checking for vfork
configure:4766: gcc -o conftest -g -O2   conftest.c -lev  >&5
configure:4772: $? = 0
configure:4776: test -z 
			 || test ! -s conftest.err
configure:4779: $? = 0
configure:4782: test -s conftest
configure:4785: $? = 0
configure:4797: result: yes
configure:4808: checking for working fork
configure:4831: gcc -o conftest -g -O2   conftest.c -lev  >&5
conftest.c: In function 'main':
conftest.c:10:4: warning: incompatible implicit declaration of built-in function 'exit' [enabled by default]
    exit (1);
    ^
configure:4834: $? = 0
configure:4836: ./conftest
configure:4839: $? = 0
configure:4853: result: yes
configure:4874: checking for working vfork
configure:5007: result: yes
configure:5043: checking for stdlib.h
configure:5048: result: yes
configure:5188: checking for GNU libc compatible malloc
configure:5217: gcc -o conftest -g -O2   conftest.c -lev  >&5
configure:5220: $? = 0
configure:5222: ./conftest
configure:5225: $? = 0
configure:5239: result: yes
configure:5280: checking for getpagesize
configure:5337: gcc -o conftest -g -O2   conftest.c -lev  >&5
configure:5343: $? = 0
configure:5347: test -z 
			 || test ! -s conftest.err
configure:5350: $? = 0
configure:5353: test -s conftest
configure:5356: $? = 0
configure:5368: result: yes
configure:5280: checking for gettimeofday
configure:5337: gcc -o conftest -g -O2   conftest.c -lev  >&5
configure:5343: $? = 0
configure:5347: test -z 
			 || test ! -s conftest.err
configure:5350: $? = 0
configure:5353: test -s conftest
configure:5356: $? = 0
configure:5368: result: yes
configure:5280: checking for inet_ntoa
configure:5337: gcc -o conftest -g -O2   conftest.c -lev  >&5
configure:5343: $? = 0
configure:5347: test -z 
			 || test ! -s conftest.err
configure:5350: $? = 0
configure:5353: test -s conftest
configure:5356: $? = 0
configure:5368: result: yes
configure:5280: checking for memset
configure:5337: gcc -o conftest -g -O2   conftest.c -lev  >&5
conftest.c:71:6: warning: conflicting types for built-in function 'memset' [enabled by default]
 char memset ();
      ^
configure:5343: $? = 0
configure:5347: test -z 
			 || test ! -s conftest.err
configure:5350: $? = 0
configure:5353: test -s conftest
configure:5356: $? = 0
configure:5368: result: yes
configure:5280: checking for socket
configure:5337: gcc -o conftest -g -O2   conftest.c -lev  >&5
configure:5343: $? = 0
configure:5347: test -z 
			 || test ! -s conftest.err
configure:5350: $? = 0
configure:5353: test -s conftest
configure:5356: $? = 0
configure:5368: result: yes
configure:5280: checking for strcasecmp
configure:5337: gcc -o conftest -g -O2   conftest.c -lev  >&5
conftest.c:73:6: warning: conflicting types for built-in function 'strcasecmp' [enabled by default]
 char strcasecmp ();
      ^
configure:5343: $? = 0
configure:5347: test -z 
			 || test ! -s conftest.err
configure:5350: $? = 0
configure:5353: test -s conftest
configure:5356: $? = 0
configure:5368: result: yes
configure:5280: checking for strerror
configure:5337: gcc -o conftest -g -O2   conftest.c -lev  >&5
configure:5343: $? = 0
configure:5347: test -z 
			 || test ! -s conftest.err
configure:5350: $? = 0
configure:5353: test -s conftest
configure:5356: $? = 0
configure:5368: result: yes
configure:5280: checking for strtol
configure:5337: gcc -o conftest -g -O2   conftest.c -lev  >&5
configure:5343: $? = 0
configure:5347: test -z 
			 || test ! -s conftest.err
configure:5350: $? = 0
configure:5353: test -s conftest
configure:5356: $? = 0
configure:5368: result: yes
configure:5500: creating ./config.status

## ---------------------- ##
## Running config.status. ##
## ---------------------- ##

This file was extended by libevhttp config.status 0.0.4, which was
generated by GNU Autoconf 2.59.  Invocation command line was

  CONFIG_FILES    = 
  CONFIG_HEADERS  = 
  CONFIG_LINKS    = 
  CONFIG_COMMANDS = 
  $ ./config.status 

on Control

config.status:695: creating Makefile
config.status:799: creating config.h
config.status:979: config.h is unchanged
config.status:1159: executing depfiles commands

## ---------------- ##
## Cache variables. ##
## ---------------- ##

ac_cv_c_compiler_gnu=yes
ac_cv_c_inline=inline
ac_cv_cxx_compiler_gnu=yes
ac_cv_env_CC_set=
ac_cv_env_CC_value=
ac_cv_env_CFLAGS_set=
ac_cv_env_CFLAGS_value=
ac_cv_env_CPPFLAGS_set=
ac_cv_env_CPPFLAGS_value=
ac_cv_env_CPP_set=
ac_cv_env_CPP_value=
ac_cv_env_CXXFLAGS_set=
ac_cv_env_CXXFLAGS_value=
ac_cv_env_CXX_set=
ac_cv_env_CXX_value=
ac_cv_env_LDFLAGS_set=
ac_cv_env_LDFLAGS_value=
ac_cv_env_build_alias_set=
ac_cv_env_build_alias_value=
ac_cv_env_host_alias_set=
ac_cv_env_host_alias_value=
ac_cv_env_target_alias_set=
ac_cv_env_target_alias_value=
ac_cv_exeext=
ac_cv_func_fork=yes
ac_cv_func_fork_works=yes
ac_cv_func_getpagesize=yes
ac_cv_func_gettimeofday=yes
ac_cv_func_inet_ntoa=yes
ac_cv_func_malloc_0_nonnull=yes
ac_cv_func_memset=yes
ac_cv_func_socket=yes
ac_cv_func_strcasecmp=yes
ac_cv_func_strerror=yes
ac_cv_func_strtol=yes
ac_cv_func_vfork=yes
ac_cv_func_vfork_works=yes
ac_cv_header_arpa_inet_h=yes
ac_cv_header_fcntl_h=yes
ac_cv_header_inttypes_h=yes
ac_cv_header_memory_h=yes
ac_cv_header_netinet_in_h=yes
ac_cv_header_stdbool_h=yes
ac_cv_header_stdc=yes
ac_cv_header_stdint_h=yes
ac_cv_header_stdlib_h=yes
ac_cv_header_string_h=yes
ac_cv_header_strings_h=yes
ac_cv_header_sys_file_h=yes
ac_cv_header_sys_socket_h=yes
ac_cv_header_sys_stat_h=yes
ac_cv_header_sys_time_h=yes
ac_cv_header_sys_timeb_h=yes
ac_cv_header_sys_types_h=yes
ac_cv_header_unistd_h=yes
ac_cv_header_vfork_h=no
ac_cv_lib_error_at_line=yes
ac_cv_lib_ev_main=yes
ac_cv_objext=o
ac_cv_path_install='/usr/local/bin/install -c'
ac_cv_prog_AWK=gawk
ac_cv_prog_CPP='gcc -E'
ac_cv_prog_ac_ct_CC=gcc
ac_cv_prog_ac_ct_CXX=g++
ac_cv_prog_cc_g=yes
ac_cv_prog_cc_stdc=
ac_cv_prog_cxx_g=yes
ac_cv_prog_egrep='grep -E'
ac_cv_prog_make_make_set=yes
ac_cv_type__Bool=yes
ac_cv_type_off_t=yes
ac_cv_type_pid_t=yes
ac_cv_type_size_t=yes
am_cv_CC_dependencies_compiler_type=gcc3
am_cv_CXX_dependencies_compiler_type=gcc3

## ----------------- ##
## Output variables. ##
## ----------------- ##

ACLOCAL='${SHELL} /root/jidianqi/libevhttp/libevhttp-0.0.4/missing --run aclocal-1.9'
AMDEPBACKSLASH='\'
AMDEP_FALSE='#'
AMDEP_TRUE=''
AMTAR='${SHELL} /root/jidianqi/libevhttp/libevhttp-0.0.4/missing --run tar'
AUTOCONF='${SHELL} /root/jidianqi/libevhttp/libevhttp-0.0.4/missing --run autoconf'
AUTOHEADER='${SHELL} /root/jidianqi/libevhttp/libevhttp-0.0.4/missing --run autoheader'
AUTOMAKE='${SHELL} /root/jidianqi/libevhttp/libevhttp-0.0.4/missing --run automake-1.9'
AWK='gawk'
CC='gcc'
CCDEPMODE='depmode=gcc3'
CFLAGS='-g -O2'
CPP='gcc -E'
CPPFLAGS=''
CXX='g++'
CXXDEPMODE='depmode=gcc3'
CXXFLAGS='-g -O2'
CYGPATH_W='echo'
DEFS='-DHAVE_CONFIG_H'
DEPDIR='.deps'
ECHO_C=''
ECHO_N='-n'
ECHO_T=''
EGREP='grep -E'
EXEEXT=''
INSTALL_DATA='${INSTALL} -m 644'
INSTALL_PROGRAM='${INSTALL}'
INSTALL_SCRIPT='${INSTALL}'
INSTALL_STRIP_PROGRAM='${SHELL} $(install_sh) -c -s'
LDFLAGS=''
LIBOBJS=''
LIBS='-lev '
LTLIBOBJS=''
MAKEINFO='${SHELL} /root/jidianqi/libevhttp/libevhttp-0.0.4/missing --run makeinfo'
OBJEXT='o'
PACKAGE='libevhttp'
PACKAGE_BUGREPORT='trywen@qq.com'
PACKAGE_NAME='libevhttp'
PACKAGE_STRING='libevhttp 0.0.4'
PACKAGE_TARNAME='libevhttp'
PACKAGE_VERSION='0.0.4'
PATH_SEPARATOR=':'
SET_MAKE=''
SHELL='/bin/bash'
STRIP=''
VERSION='0.0.4'
ac_ct_CC='gcc'
ac_ct_CXX='g++'
ac_ct_STRIP=''
am__fastdepCC_FALSE='#'
am__fastdepCC_TRUE=''
am__fastdepCXX_FALSE='#'
am__fastdepCXX_TRUE=''
am__include='include'
am__leading_dot='.'
am__quote=''
am__tar='${AMTAR} chof - "$$tardir"'
am__untar='${AMTAR} xf -'
bindir='${exec_prefix}/bin'
build_alias=''
datadir='${prefix}/share'
exec_prefix='${prefix}'
host_alias=''
includedir='${prefix}/include'
infodir='${prefix}/info'
install_sh='/root/jidianqi/libevhttp/libevhttp-0.0.4/install-sh'
libdir='${exec_prefix}/lib'
libexecdir='${exec_prefix}/libexec'
localstatedir='${prefix}/var'
mandir='${prefix}/man'
mkdir_p='mkdir -p --'
oldincludedir='/usr/include'
prefix='/usr/local'
program_transform_name='s,x,x,'
sbindir='${exec_prefix}/sbin'
sharedstatedir='${prefix}/com'
sysconfdir='${prefix}/etc'
target_alias=''

## ----------- ##
## confdefs.h. ##
## ----------- ##

#define HAVE_ARPA_INET_H 1
#define HAVE_FCNTL_H 1
#define HAVE_FORK 1
#define HAVE_GETPAGESIZE 1
#define HAVE_GETTIMEOFDAY 1
#define HAVE_INET_NTOA 1
#define HAVE_INTTYPES_H 1
#define HAVE_LIBEV 1
#define HAVE_MALLOC 1
#define HAVE_MEMORY_H 1
#define HAVE_MEMSET 1
#define HAVE_NETINET_IN_H 1
#define HAVE_SOCKET 1
#define HAVE_STDBOOL_H 1
#define HAVE_STDINT_H 1
#define HAVE_STDLIB_H 1
#define HAVE_STDLIB_H 1
#define HAVE_STDLIB_H 1
#define HAVE_STRCASECMP 1
#define HAVE_STRERROR 1
#define HAVE_STRINGS_H 1
#define HAVE_STRING_H 1
#define HAVE_STRING_H 1
#define HAVE_STRTOL 1
#define HAVE_SYS_FILE_H 1
#define HAVE_SYS_SOCKET_H 1
#define HAVE_SYS_STAT_H 1
#define HAVE_SYS_TIMEB_H 1
#define HAVE_SYS_TIME_H 1
#define HAVE_SYS_TYPES_H 1
#define HAVE_UNISTD_H 1
#define HAVE_UNISTD_H 1
#define HAVE_UNISTD_H 1
#define HAVE_VFORK 1
#define HAVE_WORKING_FORK 1
#define HAVE_WORKING_VFORK 1
#define HAVE__BOOL 1
#define PACKAGE "libevhttp"
#define PACKAGE_BUGREPORT "trywen@qq.com"
#define PACKAGE_NAME "libevhttp"
#define PACKAGE_STRING "libevhttp 0.0.4"
#define PACKAGE_TARNAME "libevhttp"
#define PACKAGE_VERSION "0.0.4"
#define STDC_HEADERS 1
#define VERSION "0.0.4"
#endif
#ifdef __cplusplus
extern "C" void exit (int) throw ();

configure: exit 0
